<?xml version="1.0" encoding="UTF-8"?>
<!-- Generated by org.testng.reporters.JUnitXMLReporter -->
<testsuite ignored="0" hostname="ISL-PC-184" failures="0" tests="4" name="Default test" time="62.8" errors="0" timestamp="2023-08-08T14:31:30 IST">
  <testcase classname="irctc_Testcases.Testcases" name="airrctc" time="7.123"/>
  <testcase classname="irctc_Testcases.Testcases" name="buses" time="20.011"/>
  <testcase classname="irctc_Testcases.Testcases" name="loung" time="14.476"/>
  <testcase classname="irctc_Testcases.Testcases" name="search" time="21.132"/>
</testsuite> <!-- Default test -->
