<?xml version="1.0" encoding="UTF-8"?>
<testng-results ignored="0" total="4" passed="4" failed="0" skipped="0">
  <reporter-output>
  </reporter-output>
  <suite started-at="2023-08-08T14:30:27 IST" name="Default suite" finished-at="2023-08-08T14:31:30 IST" duration-ms="62800">
    <groups>
    </groups>
    <test started-at="2023-08-08T14:30:27 IST" name="Default test" finished-at="2023-08-08T14:31:30 IST" duration-ms="62800">
      <class name="irctc_Testcases.Testcases">
        <test-method signature="airrctc()[pri:0, instance:irctc_Testcases.Testcases@4d5d943d]" started-at="2023-08-08T14:30:27 IST" name="airrctc" finished-at="2023-08-08T14:30:34 IST" duration-ms="7123" status="PASS">
          <reporter-output>
          </reporter-output>
        </test-method> <!-- airrctc -->
        <test-method signature="buses()[pri:0, instance:irctc_Testcases.Testcases@4d5d943d]" started-at="2023-08-08T14:30:34 IST" name="buses" finished-at="2023-08-08T14:30:54 IST" duration-ms="20011" status="PASS">
          <reporter-output>
          </reporter-output>
        </test-method> <!-- buses -->
        <test-method signature="loung()[pri:0, instance:irctc_Testcases.Testcases@4d5d943d]" started-at="2023-08-08T14:30:54 IST" name="loung" finished-at="2023-08-08T14:31:09 IST" duration-ms="14476" status="PASS">
          <reporter-output>
          </reporter-output>
        </test-method> <!-- loung -->
        <test-method signature="search()[pri:0, instance:irctc_Testcases.Testcases@4d5d943d]" started-at="2023-08-08T14:31:09 IST" name="search" finished-at="2023-08-08T14:31:30 IST" duration-ms="21132" status="PASS">
          <reporter-output>
          </reporter-output>
        </test-method> <!-- search -->
      </class> <!-- irctc_Testcases.Testcases -->
    </test> <!-- Default test -->
  </suite> <!-- Default suite -->
</testng-results>
